Start testing: Apr 10 15:24 Фінляндія (літо)
----------------------------------------------------------
1/1 Testing: bst_test
1/1 Test: bst_test
Command: "C:/Users/Admin/Desktop/Task6/build/bst_test.exe"
Directory: C:/Users/Admin/Desktop/Task6/build
"bst_test" start time: Apr 10 15:24 Фінляндія (літо)
Output:
----------------------------------------------------------
BST in-order: 1 3 4 5 7 8 10 
<end of output>
Test time =   0.02 sec
----------------------------------------------------------
Test Passed.
"bst_test" end time: Apr 10 15:24 Фінляндія (літо)
"bst_test" time elapsed: 00:00:00
----------------------------------------------------------

End testing: Apr 10 15:24 Фінляндія (літо)
